..\Debug17\Project17.ilk
..\Debug17\Project17.pdb
E:\MY PROJECT\PROJECT\LI\DEBUG17\PROJECT17.EXE
E:\MY PROJECT\PROJECT\LI\DEBUG17\PROJECT17.ILK
E:\MY PROJECT\PROJECT\LI\DEBUG17\PROJECT17.PDB
E:\my project\Project\LI\Project 17\..\Debug17\Project17.exe
E:\MY PROJECT\PROJECT\LI\PROJECT 17\OBJDEBUG\ACTIONMANAGER.OBJ
E:\MY PROJECT\PROJECT\LI\PROJECT 17\OBJDEBUG\AMBIENTLIGHT.OBJ
E:\my project\Project\LI\Project 17\objDebug\cl.command.1.tlog
E:\my project\Project\LI\Project 17\objDebug\CL.read.1.tlog
E:\my project\Project\LI\Project 17\objDebug\CL.write.1.tlog
E:\MY PROJECT\PROJECT\LI\PROJECT 17\OBJDEBUG\DEBUGOUT.OBJ
E:\MY PROJECT\PROJECT\LI\PROJECT 17\OBJDEBUG\DEFERREDLIGHTCP.OBJ
E:\MY PROJECT\PROJECT\LI\PROJECT 17\OBJDEBUG\DEFERREDSHADING.OBJ
E:\MY PROJECT\PROJECT\LI\PROJECT 17\OBJDEBUG\DLIGHT.OBJ
E:\MY PROJECT\PROJECT\LI\PROJECT 17\OBJDEBUG\ENGINEDEFERREDSHADING.OBJ
E:\MY PROJECT\PROJECT\LI\PROJECT 17\OBJDEBUG\GAMEMANAGER.OBJ
E:\MY PROJECT\PROJECT\LI\PROJECT 17\OBJDEBUG\GAMESTATE.OBJ
E:\MY PROJECT\PROJECT\LI\PROJECT 17\OBJDEBUG\GBUFFERMATERIALGENERATOR.OBJ
E:\MY PROJECT\PROJECT\LI\PROJECT 17\OBJDEBUG\GBUFFERSCHEMEHANDLER.OBJ
E:\MY PROJECT\PROJECT\LI\PROJECT 17\OBJDEBUG\GEOMUTILS.OBJ
E:\MY PROJECT\PROJECT\LI\PROJECT 17\OBJDEBUG\INPUTMANAGER.OBJ
E:\MY PROJECT\PROJECT\LI\PROJECT 17\OBJDEBUG\INTROSTATE.OBJ
E:\MY PROJECT\PROJECT\LI\PROJECT 17\OBJDEBUG\LIGHTMATERIALGENERATOR.OBJ
E:\my project\Project\LI\Project 17\objDebug\link.2504.read.1.tlog
E:\my project\Project\LI\Project 17\objDebug\link.2504.write.1.tlog
E:\my project\Project\LI\Project 17\objDebug\link.2504-cvtres.read.1.tlog
E:\my project\Project\LI\Project 17\objDebug\link.2504-cvtres.write.1.tlog
E:\my project\Project\LI\Project 17\objDebug\link.3528.read.1.tlog
E:\my project\Project\LI\Project 17\objDebug\link.3528.write.1.tlog
E:\my project\Project\LI\Project 17\objDebug\link.command.1.tlog
E:\my project\Project\LI\Project 17\objDebug\link.read.1.tlog
E:\my project\Project\LI\Project 17\objDebug\link.write.1.tlog
E:\my project\Project\LI\Project 17\objDebug\link-cvtres.read.1.tlog
E:\my project\Project\LI\Project 17\objDebug\link-cvtres.write.1.tlog
E:\MY PROJECT\PROJECT\LI\PROJECT 17\OBJDEBUG\LOST ISLAND.RES
E:\MY PROJECT\PROJECT\LI\PROJECT 17\OBJDEBUG\MAIN.OBJ
E:\MY PROJECT\PROJECT\LI\PROJECT 17\OBJDEBUG\MATERIALGENERATOR.OBJ
E:\my project\Project\LI\Project 17\objDebug\mt.command.1.tlog
E:\my project\Project\LI\Project 17\objDebug\mt.read.1.tlog
E:\my project\Project\LI\Project 17\objDebug\mt.write.1.tlog
E:\MY PROJECT\PROJECT\LI\PROJECT 17\OBJDEBUG\MYCHARACTERCONTROLLER.OBJ
E:\MY PROJECT\PROJECT\LI\PROJECT 17\OBJDEBUG\MYTARRAINMATERIALGENERATOR.OBJ
E:\MY PROJECT\PROJECT\LI\PROJECT 17\OBJDEBUG\NXU_ASC2BIN.OBJ
E:\MY PROJECT\PROJECT\LI\PROJECT 17\OBJDEBUG\NXU_COLLADAEXPORT.OBJ
E:\MY PROJECT\PROJECT\LI\PROJECT 17\OBJDEBUG\NXU_COLLADAIMPORT.OBJ
E:\MY PROJECT\PROJECT\LI\PROJECT 17\OBJDEBUG\NXU_COOKING.OBJ
E:\MY PROJECT\PROJECT\LI\PROJECT 17\OBJDEBUG\NXU_CUSTOMCOPY.OBJ
E:\MY PROJECT\PROJECT\LI\PROJECT 17\OBJDEBUG\NXU_FILE.OBJ
E:\MY PROJECT\PROJECT\LI\PROJECT 17\OBJDEBUG\NXU_GEOMETRY.OBJ
E:\MY PROJECT\PROJECT\LI\PROJECT 17\OBJDEBUG\NXU_GRAPHICSMESH.OBJ
E:\MY PROJECT\PROJECT\LI\PROJECT 17\OBJDEBUG\NXU_HELPER.OBJ
E:\MY PROJECT\PROJECT\LI\PROJECT 17\OBJDEBUG\NXU_HULL.OBJ
E:\MY PROJECT\PROJECT\LI\PROJECT 17\OBJDEBUG\NXU_PHYSICSEXPORT.OBJ
E:\MY PROJECT\PROJECT\LI\PROJECT 17\OBJDEBUG\NXU_PHYSICSINSTANTIATOR.OBJ
E:\MY PROJECT\PROJECT\LI\PROJECT 17\OBJDEBUG\NXU_SCALEDCOPY.OBJ
E:\MY PROJECT\PROJECT\LI\PROJECT 17\OBJDEBUG\NXU_SCHEMA.OBJ
E:\MY PROJECT\PROJECT\LI\PROJECT 17\OBJDEBUG\NXU_SCHEMASTREAM.OBJ
E:\MY PROJECT\PROJECT\LI\PROJECT 17\OBJDEBUG\NXU_STREAMING.OBJ
E:\MY PROJECT\PROJECT\LI\PROJECT 17\OBJDEBUG\NXU_STRING.OBJ
E:\MY PROJECT\PROJECT\LI\PROJECT 17\OBJDEBUG\NXU_TINYSTR.OBJ
E:\MY PROJECT\PROJECT\LI\PROJECT 17\OBJDEBUG\NXU_TINYXML.OBJ
E:\MY PROJECT\PROJECT\LI\PROJECT 17\OBJDEBUG\NXU_TINYXMLERROR.OBJ
E:\MY PROJECT\PROJECT\LI\PROJECT 17\OBJDEBUG\NXU_TINYXMLPARSER.OBJ
E:\MY PROJECT\PROJECT\LI\PROJECT 17\OBJDEBUG\PAUSESTATE.OBJ
E:\MY PROJECT\PROJECT\LI\PROJECT 17\OBJDEBUG\PGMANAGER.OBJ
E:\MY PROJECT\PROJECT\LI\PROJECT 17\OBJDEBUG\PLAYSTATE.OBJ
E:\MY PROJECT\PROJECT\LI\PROJECT 17\OBJDEBUG\PROJECT17.EXE.EMBED.MANIFEST
E:\MY PROJECT\PROJECT\LI\PROJECT 17\OBJDEBUG\PROJECT17.EXE.EMBED.MANIFEST.RES
E:\MY PROJECT\PROJECT\LI\PROJECT 17\OBJDEBUG\PROJECT17.EXE.INTERMEDIATE.MANIFEST
E:\my project\Project\LI\Project 17\objDebug\Project17.write.1.tlog
E:\my project\Project\LI\Project 17\objDebug\Project17_manifest.rc
E:\my project\Project\LI\Project 17\objDebug\rc.command.1.tlog
E:\my project\Project\LI\Project 17\objDebug\rc.read.1.tlog
E:\my project\Project\LI\Project 17\objDebug\rc.write.1.tlog
E:\MY PROJECT\PROJECT\LI\PROJECT 17\OBJDEBUG\SSAOLOGIC.OBJ
E:\MY PROJECT\PROJECT\LI\PROJECT 17\OBJDEBUG\STREAM.OBJ
E:\MY PROJECT\PROJECT\LI\PROJECT 17\OBJDEBUG\TINYSTR.OBJ
E:\MY PROJECT\PROJECT\LI\PROJECT 17\OBJDEBUG\TINYXML.OBJ
E:\MY PROJECT\PROJECT\LI\PROJECT 17\OBJDEBUG\TINYXMLERROR.OBJ
E:\MY PROJECT\PROJECT\LI\PROJECT 17\OBJDEBUG\TINYXMLPARSER.OBJ
E:\MY PROJECT\PROJECT\LI\PROJECT 17\OBJDEBUG\USERALLOCATOR.OBJ
E:\MY PROJECT\PROJECT\LI\PROJECT 17\OBJDEBUG\USERDATA.OBJ
E:\my project\Project\LI\Project 17\objDebug\vc100.idb
E:\MY PROJECT\PROJECT\LI\PROJECT 17\OBJDEBUG\VC100.PDB
G:\MY PROJECT\PROJECT\LI\PROJECT 17\OBJDEBUG\MYCHARACTERCONTROLLER.OBJ
G:\MY PROJECT\PROJECT\LI\PROJECT 17\OBJDEBUG\NXU_ASC2BIN.OBJ
G:\MY PROJECT\PROJECT\LI\PROJECT 17\OBJDEBUG\NXU_COLLADAEXPORT.OBJ
G:\MY PROJECT\PROJECT\LI\PROJECT 17\OBJDEBUG\NXU_COLLADAIMPORT.OBJ
G:\MY PROJECT\PROJECT\LI\PROJECT 17\OBJDEBUG\NXU_COOKING.OBJ
G:\MY PROJECT\PROJECT\LI\PROJECT 17\OBJDEBUG\NXU_CUSTOMCOPY.OBJ
G:\MY PROJECT\PROJECT\LI\PROJECT 17\OBJDEBUG\NXU_FILE.OBJ
G:\MY PROJECT\PROJECT\LI\PROJECT 17\OBJDEBUG\NXU_GEOMETRY.OBJ
G:\MY PROJECT\PROJECT\LI\PROJECT 17\OBJDEBUG\NXU_GRAPHICSMESH.OBJ
G:\MY PROJECT\PROJECT\LI\PROJECT 17\OBJDEBUG\NXU_HELPER.OBJ
G:\MY PROJECT\PROJECT\LI\PROJECT 17\OBJDEBUG\NXU_HULL.OBJ
G:\MY PROJECT\PROJECT\LI\PROJECT 17\OBJDEBUG\NXU_PHYSICSEXPORT.OBJ
G:\MY PROJECT\PROJECT\LI\PROJECT 17\OBJDEBUG\NXU_PHYSICSINSTANTIATOR.OBJ
G:\MY PROJECT\PROJECT\LI\PROJECT 17\OBJDEBUG\NXU_SCALEDCOPY.OBJ
G:\MY PROJECT\PROJECT\LI\PROJECT 17\OBJDEBUG\NXU_SCHEMA.OBJ
G:\MY PROJECT\PROJECT\LI\PROJECT 17\OBJDEBUG\NXU_SCHEMASTREAM.OBJ
G:\MY PROJECT\PROJECT\LI\PROJECT 17\OBJDEBUG\NXU_STREAMING.OBJ
G:\MY PROJECT\PROJECT\LI\PROJECT 17\OBJDEBUG\NXU_STRING.OBJ
G:\MY PROJECT\PROJECT\LI\PROJECT 17\OBJDEBUG\NXU_TINYSTR.OBJ
G:\MY PROJECT\PROJECT\LI\PROJECT 17\OBJDEBUG\NXU_TINYXML.OBJ
G:\MY PROJECT\PROJECT\LI\PROJECT 17\OBJDEBUG\NXU_TINYXMLERROR.OBJ
G:\MY PROJECT\PROJECT\LI\PROJECT 17\OBJDEBUG\NXU_TINYXMLPARSER.OBJ
G:\MY PROJECT\PROJECT\LI\PROJECT 17\OBJDEBUG\STREAM.OBJ
G:\MY PROJECT\PROJECT\LI\PROJECT 17\OBJDEBUG\TINYSTR.OBJ
G:\MY PROJECT\PROJECT\LI\PROJECT 17\OBJDEBUG\TINYXML.OBJ
G:\MY PROJECT\PROJECT\LI\PROJECT 17\OBJDEBUG\TINYXMLERROR.OBJ
G:\MY PROJECT\PROJECT\LI\PROJECT 17\OBJDEBUG\TINYXMLPARSER.OBJ
G:\MY PROJECT\PROJECT\LI\PROJECT 17\OBJDEBUG\USERALLOCATOR.OBJ
G:\MY PROJECT\PROJECT\LI\PROJECT 17\OBJDEBUG\USERDATA.OBJ
G:\MY PROJECT\PROJECT\LI\PROJECT 17\OBJDEBUG\VC100.PDB
