03:06:41: Creating resource group General
03:06:41: Creating resource group Internal
03:06:41: Creating resource group Autodetect
03:06:41: SceneManagerFactory for type 'DefaultSceneManager' registered.
03:06:41: Registering ResourceManager for type Material
03:06:41: Registering ResourceManager for type Mesh
03:06:41: Registering ResourceManager for type Skeleton
03:06:41: MovableObjectFactory for type 'ParticleSystem' registered.
03:06:41: OverlayElementFactory for type Panel registered.
03:06:41: OverlayElementFactory for type BorderPanel registered.
03:06:41: OverlayElementFactory for type TextArea registered.
03:06:41: Registering ResourceManager for type Font
03:06:41: ArchiveFactory for archive type FileSystem registered.
03:06:41: ArchiveFactory for archive type Zip registered.
03:06:41: DDS codec registering
03:06:41: FreeImage version: 3.13.1
03:06:41: This program uses FreeImage, a free, open source image library supporting all common bitmap formats. See http://freeimage.sourceforge.net for details
03:06:41: Supported formats: bmp,ico,jpg,jif,jpeg,jpe,jng,koa,iff,lbm,mng,pbm,pbm,pcd,pcx,pgm,pgm,png,ppm,ppm,ras,tga,targa,tif,tiff,wap,wbmp,wbm,psd,cut,xbm,xpm,gif,hdr,g3,sgi,exr,j2k,j2c,jp2,pfm,pct,pict,pic,bay,bmq,cr2,crw,cs1,dc2,dcr,dng,erf,fff,hdr,k25,kdc,mdc,mos,mrw,nef,orf,pef,pxn,raf,raw,rdc,sr2,srf,arw,3fr,cine,ia,kc2,mef,nrw,qtk,rw2,sti,drf,dsc,ptx,cap,iiq,rwz
03:06:41: Registering ResourceManager for type HighLevelGpuProgram
03:06:41: Registering ResourceManager for type Compositor
03:06:41: MovableObjectFactory for type 'Entity' registered.
03:06:41: MovableObjectFactory for type 'Light' registered.
03:06:41: MovableObjectFactory for type 'BillboardSet' registered.
03:06:41: MovableObjectFactory for type 'ManualObject' registered.
03:06:41: MovableObjectFactory for type 'BillboardChain' registered.
03:06:41: MovableObjectFactory for type 'RibbonTrail' registered.
03:06:41: OGRE EXCEPTION(6:FileNotFoundException): 'plugins.cfg' file not found! in ConfigFile::load at src\OgreConfigFile.cpp (line 83)
03:06:41: plugins.cfg not found, automatic plugin loading disabled.
03:06:41: *-*-* OGRE Initialising
03:06:41: *-*-* Version 1.8.0unstable (Byatis)
03:06:41: Creating resource group Bootstrap
03:06:41: Added resource location '..\media\.\OgreCore.zip' of type 'Zip' to resource group 'Bootstrap'
03:06:41: Added resource location '..\media\.\' of type 'FileSystem' to resource group 'General'
03:06:41: Added resource location '..\media\.\fonts' of type 'FileSystem' to resource group 'General'
03:06:41: Added resource location '..\media\.\materials/programs' of type 'FileSystem' to resource group 'General'
03:06:41: Added resource location '..\media\.\materials/scripts' of type 'FileSystem' to resource group 'General'
03:06:41: Added resource location '..\media\.\materials/textures' of type 'FileSystem' to resource group 'General'
03:06:41: Added resource location '..\media\.\materials/textures/human' of type 'FileSystem' to resource group 'General'
03:06:41: Added resource location '..\media\.\materials/textures/buildings' of type 'FileSystem' to resource group 'General'
03:06:41: Added resource location '..\media\.\materials/textures/trees' of type 'FileSystem' to resource group 'General'
03:06:41: Added resource location '..\media\.\materials/textures/menu' of type 'FileSystem' to resource group 'General'
03:06:41: Added resource location '..\media\.\materials/textures/terrain' of type 'FileSystem' to resource group 'General'
03:06:41: Added resource location '..\media\.\materials/textures/items' of type 'FileSystem' to resource group 'General'
03:06:41: Added resource location '..\media\.\materials/textures/effects' of type 'FileSystem' to resource group 'General'
03:06:41: Added resource location '..\media\.\models' of type 'FileSystem' to resource group 'General'
03:06:41: Added resource location '..\media\.\models/menu' of type 'FileSystem' to resource group 'General'
03:06:41: Added resource location '..\media\.\models/characters' of type 'FileSystem' to resource group 'General'
03:06:41: Added resource location '..\media\.\models/buildings' of type 'FileSystem' to resource group 'General'
03:06:41: Added resource location '..\media\.\models/trees' of type 'FileSystem' to resource group 'General'
03:06:41: Added resource location '..\media\.\models/items' of type 'FileSystem' to resource group 'General'
03:06:41: Added resource location '..\media\.\overlays' of type 'FileSystem' to resource group 'General'
03:06:41: Added resource location '..\media\.\particle' of type 'FileSystem' to resource group 'General'
03:06:41: Added resource location '..\media\.\gui' of type 'FileSystem' to resource group 'General'
03:06:41: Added resource location '..\media\.\DeferredShadingMedia' of type 'FileSystem' to resource group 'General'
03:06:41: Added resource location '..\media\.\PCZAppMedia' of type 'FileSystem' to resource group 'General'
03:06:41: Added resource location '..\media\.\GUI Media' of type 'FileSystem' to resource group 'General'
03:06:41: Added resource location '..\media\.\compositors' of type 'FileSystem' to resource group 'General'
03:06:41: Creating resource group Hydrax
03:06:41: Added resource location '..\media\.\Hydrax.zip' of type 'Zip' to resource group 'Hydrax'
03:06:41: Creating resource group SkyX
03:06:41: Added resource location '..\media\.\SkyX.zip' of type 'Zip' to resource group 'SkyX'
03:06:41: OGRE EXCEPTION(6:FileNotFoundException): 'settings.cfg' file not found! in ConfigFile::load at src\OgreConfigFile.cpp (line 83)
03:06:41: OGRE EXCEPTION(6:FileNotFoundException): 'settings.cfg' file not found! in ConfigFile::load at src\OgreConfigFile.cpp (line 83)
